<?xml version="1.0" encoding="UTF-8"?>
<!-- Generated by org.testng.reporters.JUnitXMLReporter -->
<testsuite ignored="2" hostname="DESKTOP-0OH831K" failures="0" tests="11" name="Default test" time="0.551" errors="0" timestamp="2024-08-29T12:46:17 EET">
  <testcase classname="MyTestCases" name="AddData" time="0.025"/>
  <testcase classname="MyTestCases" name="AddData" time="0.005"/>
  <testcase classname="MyTestCases" name="AddData" time="0.005"/>
  <testcase classname="MyTestCases" name="AddData" time="0.005"/>
  <testcase classname="MyTestCases" name="AddData" time="0.005"/>
  <testcase classname="MyTestCases" name="AddData" time="0.006"/>
  <testcase classname="MyTestCases" name="AddData" time="0.004"/>
  <testcase classname="MyTestCases" name="AddData" time="0.005"/>
  <testcase classname="MyTestCases" name="AddData" time="0.005"/>
  <testcase classname="MyTestCases" name="AddData" time="0.005"/>
  <testcase classname="MyTestCases" name="GetData" time="0.024"/>
  <testcase classname="MyTestCases" name="DeleteData" time="0.0">
    <ignored/>
  </testcase> <!-- DeleteData -->
  <testcase classname="MyTestCases" name="UpdateData" time="0.0">
    <ignored/>
  </testcase> <!-- UpdateData -->
</testsuite> <!-- Default test -->
