<?xml version="1.0" encoding="UTF-8"?>
<testng-results ignored="2" total="13" passed="11" failed="0" skipped="0">
  <reporter-output>
  </reporter-output>
  <suite started-at="2024-08-29T12:46:17 EET" name="Default suite" finished-at="2024-08-29T12:46:17 EET" duration-ms="551">
    <groups>
    </groups>
    <test started-at="2024-08-29T12:46:17 EET" name="Default test" finished-at="2024-08-29T12:46:17 EET" duration-ms="551">
      <class name="MyTestCases">
        <test-method is-config="true" signature="MySetUp()[pri:0, instance:MyTestCases@273e7444]" started-at="2024-08-29T12:46:17 EET" name="MySetUp" finished-at="2024-08-29T12:46:17 EET" duration-ms="421" status="PASS">
          <reporter-output>
          </reporter-output>
        </test-method> <!-- MySetUp -->
        <test-method signature="AddData()[pri:1, instance:MyTestCases@273e7444]" started-at="2024-08-29T12:46:17 EET" name="AddData" finished-at="2024-08-29T12:46:17 EET" duration-ms="25" status="PASS">
          <reporter-output>
          </reporter-output>
        </test-method> <!-- AddData -->
        <test-method signature="AddData()[pri:1, instance:MyTestCases@273e7444]" started-at="2024-08-29T12:46:17 EET" name="AddData" finished-at="2024-08-29T12:46:17 EET" duration-ms="5" status="PASS">
          <reporter-output>
          </reporter-output>
        </test-method> <!-- AddData -->
        <test-method signature="AddData()[pri:1, instance:MyTestCases@273e7444]" started-at="2024-08-29T12:46:17 EET" name="AddData" finished-at="2024-08-29T12:46:17 EET" duration-ms="5" status="PASS">
          <reporter-output>
          </reporter-output>
        </test-method> <!-- AddData -->
        <test-method signature="AddData()[pri:1, instance:MyTestCases@273e7444]" started-at="2024-08-29T12:46:17 EET" name="AddData" finished-at="2024-08-29T12:46:17 EET" duration-ms="5" status="PASS">
          <reporter-output>
          </reporter-output>
        </test-method> <!-- AddData -->
        <test-method signature="AddData()[pri:1, instance:MyTestCases@273e7444]" started-at="2024-08-29T12:46:17 EET" name="AddData" finished-at="2024-08-29T12:46:17 EET" duration-ms="5" status="PASS">
          <reporter-output>
          </reporter-output>
        </test-method> <!-- AddData -->
        <test-method signature="AddData()[pri:1, instance:MyTestCases@273e7444]" started-at="2024-08-29T12:46:17 EET" name="AddData" finished-at="2024-08-29T12:46:17 EET" duration-ms="6" status="PASS">
          <reporter-output>
          </reporter-output>
        </test-method> <!-- AddData -->
        <test-method signature="AddData()[pri:1, instance:MyTestCases@273e7444]" started-at="2024-08-29T12:46:17 EET" name="AddData" finished-at="2024-08-29T12:46:17 EET" duration-ms="4" status="PASS">
          <reporter-output>
          </reporter-output>
        </test-method> <!-- AddData -->
        <test-method signature="AddData()[pri:1, instance:MyTestCases@273e7444]" started-at="2024-08-29T12:46:17 EET" name="AddData" finished-at="2024-08-29T12:46:17 EET" duration-ms="5" status="PASS">
          <reporter-output>
          </reporter-output>
        </test-method> <!-- AddData -->
        <test-method signature="AddData()[pri:1, instance:MyTestCases@273e7444]" started-at="2024-08-29T12:46:17 EET" name="AddData" finished-at="2024-08-29T12:46:17 EET" duration-ms="5" status="PASS">
          <reporter-output>
          </reporter-output>
        </test-method> <!-- AddData -->
        <test-method signature="AddData()[pri:1, instance:MyTestCases@273e7444]" started-at="2024-08-29T12:46:17 EET" name="AddData" finished-at="2024-08-29T12:46:17 EET" duration-ms="5" status="PASS">
          <reporter-output>
          </reporter-output>
        </test-method> <!-- AddData -->
        <test-method signature="GetData()[pri:3, instance:MyTestCases@273e7444]" started-at="2024-08-29T12:46:17 EET" name="GetData" finished-at="2024-08-29T12:46:17 EET" duration-ms="24" status="PASS">
          <reporter-output>
          </reporter-output>
        </test-method> <!-- GetData -->
      </class> <!-- MyTestCases -->
    </test> <!-- Default test -->
  </suite> <!-- Default suite -->
</testng-results>
